<?xml version="1.0" encoding="UTF-8"?>
<!-- Generated by org.testng.reporters.JUnitXMLReporter -->
<testsuite ignored="0" hostname="ATMECSINLT-601" failures="3" tests="3" name="Test" time="4.589" errors="0" timestamp="2020-09-18T17:01:56 IST">
  <testcase classname="com.atmecs.automation.demoAutomation.SettingDriverAndLaunchingBrowser" name="settingAndLaunchingDriver" time="3.794">
    <failure type="java.lang.NullPointerException">
      <![CDATA[java.lang.NullPointerException
at com.atmecs.automation.demoAutomation.SettingDriverAndLaunchingBrowser.settingAndLaunchingDriver(SettingDriverAndLaunchingBrowser.java:25)
at java.base/java.util.ArrayList.forEach(ArrayList.java:1510)
... Removed 27 stack frames]]>
    </failure>
  </testcase> <!-- settingAndLaunchingDriver -->
  <testcase classname="com.atmecs.automation.demoAutomation.OpeningSocialIconsAndHandlingWindows" name="windowsHandling" time="0.002">
    <failure type="java.lang.NullPointerException">
      <![CDATA[java.lang.NullPointerException
at com.atmecs.automation.demoAutomation.OpeningSocialIconsAndHandlingWindows.windowsHandling(OpeningSocialIconsAndHandlingWindows.java:22)
at java.base/java.util.ArrayList.forEach(ArrayList.java:1510)
... Removed 27 stack frames]]>
    </failure>
  </testcase> <!-- windowsHandling -->
  <testcase classname="com.atmecs.automation.demoAutomation.RegistrationTest" name="registerationTest" time="0.002">
    <failure type="java.lang.NullPointerException">
      <![CDATA[java.lang.NullPointerException
at com.atmecs.automation.demoAutomation.RegistrationTest.registerationTest(RegistrationTest.java:23)
at java.base/java.util.ArrayList.forEach(ArrayList.java:1510)
... Removed 27 stack frames]]>
    </failure>
  </testcase> <!-- registerationTest -->
</testsuite> <!-- Test -->
